2021-06-23 18:07:36,008 - pyswarms.single.global_best - INFO - Optimize for 100 iters with {'c1': 0.5, 'c2': 0.3, 'w': 0.9}
2021-06-23 18:07:50,293 - pyswarms.single.global_best - INFO - Optimize for 100 iters with {'c1': 0.5, 'c2': 0.3, 'w': 0.9}
2021-06-23 18:07:59,290 - pyswarms.single.global_best - INFO - Optimize for 100 iters with {'c1': 0.5, 'c2': 0.3, 'w': 0.9}
2021-06-23 18:09:24,638 - pyswarms.single.global_best - INFO - Optimize for 100 iters with {'c1': 0.5, 'c2': 0.3, 'w': 0.9}
2021-06-23 18:09:44,845 - pyswarms.single.global_best - INFO - Optimize for 100 iters with {'c1': 0.5, 'c2': 0.3, 'w': 0.9}
2021-06-23 18:12:02,879 - pyswarms.single.global_best - INFO - Optimize for 100 iters with {'c1': 0.5, 'c2': 0.3, 'w': 0.9}
2021-06-23 18:12:07,074 - pyswarms.single.global_best - INFO - Optimize for 100 iters with {'c1': 0.5, 'c2': 0.3, 'w': 0.9}
2021-06-23 18:12:29,560 - pyswarms.single.global_best - INFO - Optimize for 100 iters with {'c1': 0.5, 'c2': 0.3, 'w': 0.9}
2021-06-23 18:13:04,109 - pyswarms.single.global_best - INFO - Optimize for 100 iters with {'c1': 0.5, 'c2': 0.3, 'w': 0.9}
2021-06-23 18:13:15,104 - pyswarms.single.global_best - INFO - Optimize for 100 iters with {'c1': 0.5, 'c2': 0.3, 'w': 0.9}
2021-06-23 18:14:10,389 - pyswarms.single.global_best - INFO - Optimize for 100 iters with {'c1': 0.5, 'c2': 0.3, 'w': 0.9}
2021-06-23 18:14:25,465 - pyswarms.single.global_best - INFO - Optimize for 100 iters with {'c1': 0.5, 'c2': 0.3, 'w': 0.9}
2021-06-23 18:14:51,356 - pyswarms.single.global_best - INFO - Optimize for 100 iters with {'c1': 0.5, 'c2': 0.3, 'w': 0.9}
2021-06-23 18:19:19,075 - pyswarms.single.global_best - INFO - Optimize for 100 iters with {'c1': 0.5, 'c2': 0.3, 'w': 0.9}
2021-06-23 18:19:40,618 - pyswarms.single.global_best - INFO - Optimize for 100 iters with {'c1': 0.5, 'c2': 0.3, 'w': 0.9}
2021-06-23 18:19:42,512 - pyswarms.single.global_best - INFO - Optimization finished | best cost: 0.42417391517643854, best pos: [-1.27391629 -0.12935489]
2021-06-23 18:20:34,989 - pyswarms.single.global_best - INFO - Optimize for 100 iters with {'c1': 0.5, 'c2': 0.3, 'w': 0.9}
2021-06-23 18:20:36,875 - pyswarms.single.global_best - INFO - Optimization finished | best cost: 0.42417391517643854, best pos: [-1.19843235 -0.12115222]
2021-06-23 18:20:45,878 - pyswarms.single.global_best - INFO - Optimize for 100 iters with {'c1': 0.5, 'c2': 0.3, 'w': 0.9}
2021-06-23 18:20:47,789 - pyswarms.single.global_best - INFO - Optimization finished | best cost: 0.42417391517643854, best pos: [-0.50753381 -0.05123856]
2021-06-23 18:21:37,765 - pyswarms.single.global_best - INFO - Optimize for 100 iters with {'c1': 0.5, 'c2': 0.3, 'w': 0.9}
2021-06-23 18:22:07,823 - pyswarms.single.global_best - INFO - Optimize for 100 iters with {'c1': 0.5, 'c2': 0.3, 'w': 0.9}
2021-06-23 18:22:09,739 - pyswarms.single.global_best - INFO - Optimization finished | best cost: -0.8953235676935211, best pos: [2.65014794 0.25134787]
2021-06-23 18:22:24,210 - pyswarms.single.global_best - INFO - Optimize for 100 iters with {'c1': 0.5, 'c2': 0.3, 'w': 0.9}
2021-06-23 18:22:26,089 - pyswarms.single.global_best - INFO - Optimization finished | best cost: -0.8953235676935211, best pos: [1.17836914 0.1114259 ]
2021-07-07 11:00:31,608 - pyswarms.single.global_best - INFO - Optimize for 100 iters with {'c1': 0.5, 'c2': 0.3, 'w': 0.9}
2021-07-07 11:00:39,702 - pyswarms.single.global_best - INFO - Optimization finished | best cost: -0.9303915593214189, best pos: [2.62226923 0.22706709]
2021-07-07 11:01:34,602 - pyswarms.single.global_best - INFO - Optimize for 100 iters with {'c1': 0.5, 'c2': 0.3, 'w': 0.9}
2021-07-07 11:01:42,399 - pyswarms.single.global_best - INFO - Optimization finished | best cost: -0.9303915593214189, best pos: [1.30877982 0.11323941]
2021-07-07 11:03:23,608 - pyswarms.single.global_best - INFO - Optimize for 100 iters with {'c1': 0.5, 'c2': 0.3, 'w': 0.9}
2021-07-07 11:04:02,213 - pyswarms.single.global_best - INFO - Optimize for 100 iters with {'c1': 0.5, 'c2': 0.3, 'w': 0.9}
2021-07-07 11:04:26,712 - pyswarms.single.global_best - INFO - Optimize for 100 iters with {'c1': 0.5, 'c2': 0.3, 'w': 0.9}
2021-07-07 11:05:00,016 - pyswarms.single.global_best - INFO - Optimize for 100 iters with {'c1': 0.5, 'c2': 0.3, 'w': 0.9}
2021-07-07 11:05:53,109 - pyswarms.single.global_best - INFO - Optimize for 100 iters with {'c1': 0.5, 'c2': 0.3, 'w': 0.9}
2021-07-07 11:06:25,931 - pyswarms.single.global_best - INFO - Optimize for 100 iters with {'c1': 0.5, 'c2': 0.3, 'w': 0.9}
2021-07-07 11:06:34,690 - pyswarms.single.global_best - INFO - Optimize for 100 iters with {'c1': 0.5, 'c2': 0.3, 'w': 0.9}
2021-07-07 11:06:46,278 - pyswarms.single.global_best - INFO - Optimization finished | best cost: -0.9112000916365091, best pos: [-2.1921238  -2.20860106  6.21282156 -0.4058515 ]
2021-07-07 11:07:09,611 - pyswarms.single.global_best - INFO - Optimize for 100 iters with {'c1': 0.5, 'c2': 0.3, 'w': 0.9}
2021-07-07 11:07:21,158 - pyswarms.single.global_best - INFO - Optimization finished | best cost: -0.9503719918320566, best pos: [ 0.26716136 -0.01394723  0.80575607 -0.07364714]
2021-07-07 11:11:48,129 - pyswarms.single.global_best - INFO - Optimize for 100 iters with {'c1': 0.5, 'c2': 0.3, 'w': 0.9}
2021-07-07 11:12:00,271 - pyswarms.single.global_best - INFO - Optimization finished | best cost: -0.9503978966095208, best pos: [ 0.11576229 -0.01852825  1.34831709 -0.1084061 ]
2021-07-07 11:31:42,547 - pyswarms.single.global_best - INFO - Optimize for 100 iters with {'c1': 0.5, 'c2': 0.3, 'w': 0.9}
2021-07-07 11:32:02,694 - pyswarms.single.global_best - INFO - Optimize for 100 iters with {'c1': 0.5, 'c2': 0.3, 'w': 0.9}
2021-07-07 11:32:16,323 - pyswarms.single.global_best - INFO - Optimization finished | best cost: -0.952312039478404, best pos: [-0.30537193 -0.22347745  8.78886446 -0.7441287 ]
2021-07-07 11:32:26,118 - pyswarms.single.global_best - INFO - Optimize for 100 iters with {'c1': 0.5, 'c2': 0.3, 'w': 0.9}
2021-07-07 11:32:39,568 - pyswarms.single.global_best - INFO - Optimization finished | best cost: -0.9130357298504801, best pos: [ 1.19108197 -0.29789     0.31429035 -0.71886319]
2021-07-07 11:32:42,629 - pyswarms.single.global_best - INFO - Optimize for 100 iters with {'c1': 0.5, 'c2': 0.3, 'w': 0.9}
2021-07-07 11:32:52,209 - pyswarms.single.global_best - INFO - Optimize for 100 iters with {'c1': 0.5, 'c2': 0.3, 'w': 0.9}
2021-07-07 11:33:04,021 - pyswarms.single.global_best - INFO - Optimize for 100 iters with {'c1': 0.5, 'c2': 0.3, 'w': 0.9}
2021-07-07 11:33:17,300 - pyswarms.single.global_best - INFO - Optimization finished | best cost: -0.923975098775195, best pos: [ 0.02913175 -0.38542475  0.41172086 -0.9661419 ]
2021-07-07 11:33:42,189 - pyswarms.single.global_best - INFO - Optimize for 100 iters with {'c1': 0.5, 'c2': 0.3, 'w': 0.9}
2021-07-07 11:33:49,062 - pyswarms.single.global_best - INFO - Optimize for 100 iters with {'c1': 0.5, 'c2': 0.3, 'w': 0.9}
2021-07-07 11:33:56,674 - pyswarms.single.global_best - INFO - Optimize for 100 iters with {'c1': 0.5, 'c2': 0.3, 'w': 0.9}
2021-07-07 11:34:09,596 - pyswarms.single.global_best - INFO - Optimization finished | best cost: -0.9520995341942124, best pos: [ 0.34234359  0.25028886  9.35629299 -0.8265974 ]
2021-07-07 11:58:57,073 - pyswarms.single.global_best - INFO - Optimize for 100 iters with {'c1': 0.5, 'c2': 0.3, 'w': 0.9}
2021-07-07 11:59:18,150 - pyswarms.single.global_best - INFO - Optimize for 100 iters with {'c1': 0.5, 'c2': 0.3, 'w': 0.9}
2021-07-07 11:59:33,916 - pyswarms.single.global_best - INFO - Optimization finished | best cost: -0.9547452341146259, best pos: [ 0.06064578  0.36084025  2.81065094 -0.27777104]
2021-07-07 12:00:23,853 - pyswarms.single.global_best - INFO - Optimize for 100 iters with {'c1': 0.5, 'c2': 0.3, 'w': 0.9}
2021-07-07 12:00:39,580 - pyswarms.single.global_best - INFO - Optimization finished | best cost: -0.9537685521390633, best pos: [0.15368369 0.66879498 4.24208498 0.1482885 ]
2021-07-07 17:40:11,594 - pyswarms.single.global_best - INFO - Optimize for 100 iters with {'c1': 0.5, 'c2': 0.3, 'w': 0.9}
2021-07-07 17:41:02,080 - pyswarms.single.global_best - INFO - Optimize for 100 iters with {'c1': 0.5, 'c2': 0.3, 'w': 0.9}
2021-07-07 17:41:20,744 - pyswarms.single.global_best - INFO - Optimize for 100 iters with {'c1': 0.5, 'c2': 0.3, 'w': 0.9}
2021-07-07 17:41:27,711 - pyswarms.single.global_best - INFO - Optimize for 100 iters with {'c1': 0.5, 'c2': 0.3, 'w': 0.9}
2021-07-07 17:41:47,671 - pyswarms.single.global_best - INFO - Optimization finished | best cost: -0.9538070608469607, best pos: [0.09656662 0.48873066 3.33869016 0.11582747]
2021-07-22 11:05:02,942 - pyswarms.single.global_best - INFO - Optimize for 100 iters with {'c1': 0.5, 'c2': 0.3, 'w': 0.9}
2021-07-22 11:05:24,841 - pyswarms.single.global_best - INFO - Optimization finished | best cost: -0.9537224861725992, best pos: [0.1357187  0.58505644 3.69895293 0.12930805]
2021-07-22 11:07:44,178 - pyswarms.single.global_best - INFO - Optimize for 100 iters with {'c1': 0.5, 'c2': 0.3, 'w': 0.9}
2021-07-22 11:07:55,429 - pyswarms.single.global_best - INFO - Optimize for 100 iters with {'c1': 0.5, 'c2': 0.3, 'w': 0.9}
2021-07-22 11:08:19,469 - pyswarms.single.global_best - INFO - Optimize for 100 iters with {'c1': 0.5, 'c2': 0.3, 'w': 0.9}
2021-07-22 11:08:25,440 - pyswarms.single.global_best - INFO - Optimize for 100 iters with {'c1': 0.5, 'c2': 0.3, 'w': 0.9}
2021-07-22 11:08:45,255 - pyswarms.single.global_best - INFO - Optimize for 100 iters with {'c1': 0.5, 'c2': 0.3, 'w': 0.9}
2021-07-22 11:08:58,127 - pyswarms.single.global_best - INFO - Optimization finished | best cost: -0.947318398070635, best pos: [0.04437218 0.18774449 0.88688153 0.02364401]
2021-07-22 11:26:51,625 - pyswarms.single.global_best - INFO - Optimize for 10 iters with {'c1': 0.5, 'c2': 0.3, 'w': 0.9}
2021-07-22 11:26:52,706 - pyswarms.single.global_best - INFO - Optimization finished | best cost: -0.9166711895673127, best pos: [-0.98076501  4.26686124  0.68993083  0.87825519]
2021-07-22 11:27:13,054 - pyswarms.single.global_best - INFO - Optimize for 10 iters with {'c1': 0.5, 'c2': 0.3, 'w': 0.9}
2021-07-22 11:27:14,235 - pyswarms.single.global_best - INFO - Optimization finished | best cost: -0.9350943180114444, best pos: [0.7762584  4.50939704 4.13280252 0.08144252]
2021-07-22 11:38:58,824 - pyswarms.single.global_best - INFO - Optimize for 10 iters with {'c1': 0.5, 'c2': 0.3, 'w': 0.9}
2021-07-22 11:39:54,463 - pyswarms.single.global_best - INFO - Optimize for 10 iters with {'c1': 0.5, 'c2': 0.3, 'w': 0.9}
2021-07-22 11:39:54,989 - pyswarms.single.global_best - INFO - Optimization finished | best cost: -0.9335364277900444, best pos: [1.56359242 0.158948   0.50868693 1.17657886]
2021-07-22 11:45:14,646 - pyswarms.single.global_best - INFO - Optimize for 100 iters with {'c1': 0.5, 'c2': 0.3, 'w': 0.9}
2021-07-22 11:45:20,648 - pyswarms.single.global_best - INFO - Optimization finished | best cost: -0.9335561097298963, best pos: [2.08232786 0.21733045 1.12191914 2.25395327]
2021-07-22 11:45:35,387 - pyswarms.single.global_best - INFO - Optimize for 100 iters with {'c1': 0.5, 'c2': 0.3, 'w': 0.9}
2021-07-22 11:45:41,190 - pyswarms.single.global_best - INFO - Optimization finished | best cost: -0.9335561097298963, best pos: [1.72159803 0.17999196 0.79632488 0.33033862]
2021-07-22 11:45:41,196 - pyswarms.single.global_best - INFO - Optimize for 100 iters with {'c1': 0.5, 'c2': 0.3, 'w': 0.9}
2021-07-22 11:45:47,076 - pyswarms.single.global_best - INFO - Optimization finished | best cost: -0.9335561097298963, best pos: [0.69149953 0.0722762  0.46319165 0.80217225]
2021-07-22 11:45:47,079 - pyswarms.single.global_best - INFO - Optimize for 100 iters with {'c1': 0.5, 'c2': 0.3, 'w': 0.9}
2021-07-22 11:45:53,369 - pyswarms.single.global_best - INFO - Optimization finished | best cost: -0.9335561097298963, best pos: [ 0.46038765  0.04790267 -0.08983427  0.22900552]
2021-07-22 11:45:53,388 - pyswarms.single.global_best - INFO - Optimize for 100 iters with {'c1': 0.5, 'c2': 0.3, 'w': 0.9}
2021-07-22 11:45:59,589 - pyswarms.single.global_best - INFO - Optimization finished | best cost: -0.9335561097298963, best pos: [1.60374355 0.16706739 1.01792003 0.95121959]
2021-07-22 11:45:59,594 - pyswarms.single.global_best - INFO - Optimize for 100 iters with {'c1': 0.5, 'c2': 0.3, 'w': 0.9}
2021-07-22 11:46:05,643 - pyswarms.single.global_best - INFO - Optimization finished | best cost: -0.9335561097298963, best pos: [2.40389409 0.2508624  2.46274426 1.50527448]
2021-07-22 11:46:05,650 - pyswarms.single.global_best - INFO - Optimize for 100 iters with {'c1': 0.5, 'c2': 0.3, 'w': 0.9}
2021-07-22 11:46:11,732 - pyswarms.single.global_best - INFO - Optimization finished | best cost: -0.9335561097298963, best pos: [0.37375023 0.03904102 0.82860143 0.23990475]
2021-07-22 11:46:11,735 - pyswarms.single.global_best - INFO - Optimize for 100 iters with {'c1': 0.5, 'c2': 0.3, 'w': 0.9}
2021-07-22 11:46:17,386 - pyswarms.single.global_best - INFO - Optimization finished | best cost: -0.9335561097298963, best pos: [1.07614481 0.11198321 2.59313841 1.09202204]
2021-07-22 11:46:17,390 - pyswarms.single.global_best - INFO - Optimize for 100 iters with {'c1': 0.5, 'c2': 0.3, 'w': 0.9}
2021-07-22 11:46:23,258 - pyswarms.single.global_best - INFO - Optimization finished | best cost: -0.9335561097298963, best pos: [2.75751713 0.28695778 0.6953372  1.66410968]
2021-07-22 11:46:23,261 - pyswarms.single.global_best - INFO - Optimize for 100 iters with {'c1': 0.5, 'c2': 0.3, 'w': 0.9}
2021-07-22 11:46:29,576 - pyswarms.single.global_best - INFO - Optimization finished | best cost: -0.9335561097298963, best pos: [0.7261085  0.07572061 0.00590274 0.94862138]
2021-07-22 11:46:29,579 - pyswarms.single.global_best - INFO - Optimize for 100 iters with {'c1': 0.5, 'c2': 0.3, 'w': 0.9}
2021-07-22 11:46:36,054 - pyswarms.single.global_best - INFO - Optimization finished | best cost: -0.9335561097298963, best pos: [1.95850904 0.20427607 0.27354797 0.74832567]
2021-07-22 11:48:00,706 - pyswarms.single.global_best - INFO - Optimize for 100 iters with {'c1': 0.5, 'c2': 0.3, 'w': 0.9}
2021-07-22 11:48:06,892 - pyswarms.single.global_best - INFO - Optimization finished | best cost: -0.9335561097298963, best pos: [1.51220921 0.15780263 0.55560262 0.41822303]
2021-07-22 11:48:35,782 - pyswarms.single.global_best - INFO - Optimize for 100 iters with {'c1': 0.5, 'c2': 0.3, 'w': 0.9}
2021-07-22 11:48:42,139 - pyswarms.single.global_best - INFO - Optimization finished | best cost: -0.9335561097298963, best pos: [1.16358012 0.12133155 0.39002949 2.02896249]
2021-07-22 11:48:56,319 - pyswarms.single.global_best - INFO - Optimize for 100 iters with {'c1': 0.5, 'c2': 0.3, 'w': 0.9}
2021-07-22 11:49:02,407 - pyswarms.single.global_best - INFO - Optimization finished | best cost: -0.9335561097298963, best pos: [1.86002024 0.19400163 1.58660803 1.3998515 ]
2021-07-22 11:49:02,412 - pyswarms.single.global_best - INFO - Optimize for 100 iters with {'c1': 0.5, 'c2': 0.3, 'w': 0.9}
2021-07-22 11:49:08,629 - pyswarms.single.global_best - INFO - Optimization finished | best cost: -0.9335561097298963, best pos: [1.73580133 0.18136111 0.59023742 0.92983382]
2021-07-22 11:49:08,632 - pyswarms.single.global_best - INFO - Optimize for 100 iters with {'c1': 0.5, 'c2': 0.3, 'w': 0.9}
2021-07-22 11:49:14,616 - pyswarms.single.global_best - INFO - Optimization finished | best cost: -0.9335561097298963, best pos: [3.88084771 0.40521548 4.62226272 1.11965946]
2021-07-22 11:49:14,619 - pyswarms.single.global_best - INFO - Optimize for 100 iters with {'c1': 0.5, 'c2': 0.3, 'w': 0.9}
2021-07-22 11:49:20,793 - pyswarms.single.global_best - INFO - Optimization finished | best cost: -0.9335561097298963, best pos: [1.15160447 0.12015457 0.65700545 0.33242592]
2021-07-22 11:49:20,797 - pyswarms.single.global_best - INFO - Optimize for 100 iters with {'c1': 0.5, 'c2': 0.3, 'w': 0.9}
2021-07-22 11:49:26,861 - pyswarms.single.global_best - INFO - Optimization finished | best cost: -0.9335561097298963, best pos: [1.7203986  0.17904073 1.01488728 1.6024379 ]
2021-07-22 11:49:26,866 - pyswarms.single.global_best - INFO - Optimize for 100 iters with {'c1': 0.5, 'c2': 0.3, 'w': 0.9}
2021-07-22 11:49:32,663 - pyswarms.single.global_best - INFO - Optimization finished | best cost: -0.9335561097298963, best pos: [0.72663689 0.07595034 2.90754447 1.34926253]
2021-07-22 11:49:32,668 - pyswarms.single.global_best - INFO - Optimize for 100 iters with {'c1': 0.5, 'c2': 0.3, 'w': 0.9}
2021-07-22 11:49:38,397 - pyswarms.single.global_best - INFO - Optimization finished | best cost: -0.9335561097298963, best pos: [1.13504757 0.1184423  1.18819284 0.35537351]
2021-07-22 11:49:38,401 - pyswarms.single.global_best - INFO - Optimize for 100 iters with {'c1': 0.5, 'c2': 0.3, 'w': 0.9}
2021-07-22 11:49:44,072 - pyswarms.single.global_best - INFO - Optimization finished | best cost: -0.9335561097298963, best pos: [1.00791569 0.10501903 0.96712172 0.72605359]
2021-07-22 11:49:44,076 - pyswarms.single.global_best - INFO - Optimize for 100 iters with {'c1': 0.5, 'c2': 0.3, 'w': 0.9}
2021-07-22 11:49:49,606 - pyswarms.single.global_best - INFO - Optimization finished | best cost: -0.9335561097298963, best pos: [0.96992735 0.1013359  0.45927094 0.90840926]
2021-07-22 11:49:49,610 - pyswarms.single.global_best - INFO - Optimize for 100 iters with {'c1': 0.5, 'c2': 0.3, 'w': 0.9}
2021-07-22 11:49:55,205 - pyswarms.single.global_best - INFO - Optimization finished | best cost: -0.9335561097298963, best pos: [1.96317841 0.20434928 0.48379808 0.83604341]
2021-07-22 11:49:55,212 - pyswarms.single.global_best - INFO - Optimize for 100 iters with {'c1': 0.5, 'c2': 0.3, 'w': 0.9}
2021-07-22 11:50:07,795 - pyswarms.single.global_best - INFO - Optimization finished | best cost: -0.9366478476302728, best pos: [0.61294644 3.01182855 2.71727575 0.02197874]
2021-07-22 11:50:07,798 - pyswarms.single.global_best - INFO - Optimize for 100 iters with {'c1': 0.5, 'c2': 0.3, 'w': 0.9}
2021-07-22 11:50:20,081 - pyswarms.single.global_best - INFO - Optimization finished | best cost: -0.946544635623419, best pos: [0.27165749 1.50342911 4.08788894 0.14316829]
2021-07-22 11:50:20,089 - pyswarms.single.global_best - INFO - Optimize for 100 iters with {'c1': 0.5, 'c2': 0.3, 'w': 0.9}
2021-07-22 11:50:32,446 - pyswarms.single.global_best - INFO - Optimization finished | best cost: -0.9377876810368209, best pos: [0.93631377 4.09195026 4.23051457 0.08933778]
2021-07-22 11:50:32,452 - pyswarms.single.global_best - INFO - Optimize for 100 iters with {'c1': 0.5, 'c2': 0.3, 'w': 0.9}
2021-07-22 11:50:44,347 - pyswarms.single.global_best - INFO - Optimization finished | best cost: -0.9441308982643183, best pos: [0.20526186 0.76766967 1.48646751 0.02893957]
2021-07-22 11:50:44,357 - pyswarms.single.global_best - INFO - Optimize for 100 iters with {'c1': 0.5, 'c2': 0.3, 'w': 0.9}
2021-07-22 11:50:57,189 - pyswarms.single.global_best - INFO - Optimization finished | best cost: -0.920922285394536, best pos: [-3.05337489  4.44637008  0.48638852  0.36563269]
2021-07-22 11:50:57,194 - pyswarms.single.global_best - INFO - Optimize for 100 iters with {'c1': 0.5, 'c2': 0.3, 'w': 0.9}
2021-07-22 11:51:08,621 - pyswarms.single.global_best - INFO - Optimization finished | best cost: -0.9461562564458001, best pos: [0.32272177 1.46924703 3.43906518 0.08554688]
2021-07-22 11:51:08,625 - pyswarms.single.global_best - INFO - Optimize for 100 iters with {'c1': 0.5, 'c2': 0.3, 'w': 0.9}
2021-07-22 11:51:19,571 - pyswarms.single.global_best - INFO - Optimization finished | best cost: -0.9219471509859338, best pos: [-1.8526212   1.6975674   0.38915031  0.17951391]
2021-07-22 11:51:19,576 - pyswarms.single.global_best - INFO - Optimize for 100 iters with {'c1': 0.5, 'c2': 0.3, 'w': 0.9}
2021-07-22 11:51:31,803 - pyswarms.single.global_best - INFO - Optimization finished | best cost: -0.9480717387226659, best pos: [0.17083531 0.82316719 5.23868388 0.14795355]
2021-07-22 11:51:31,808 - pyswarms.single.global_best - INFO - Optimize for 100 iters with {'c1': 0.5, 'c2': 0.3, 'w': 0.9}
2021-07-22 11:51:49,535 - pyswarms.single.global_best - INFO - Optimization finished | best cost: -0.9219471509859338, best pos: [-1.77696765  1.39234297  0.19572113  0.13387997]
2021-07-22 11:51:49,545 - pyswarms.single.global_best - INFO - Optimize for 100 iters with {'c1': 0.5, 'c2': 0.3, 'w': 0.9}
2021-07-22 11:52:14,139 - pyswarms.single.global_best - INFO - Optimization finished | best cost: -0.9223055739250019, best pos: [-2.08219545  2.13521009  0.13862801  0.23233404]
2021-07-22 11:55:28,081 - pyswarms.single.global_best - INFO - Optimize for 100 iters with {'c1': 0.5, 'c2': 0.3, 'w': 0.9}
2021-07-22 11:55:33,181 - pyswarms.single.global_best - INFO - Optimization finished | best cost: -0.9335561097298963, best pos: [0.7966656  0.08295373 0.20783341 0.27293111]
2021-07-22 11:55:33,188 - pyswarms.single.global_best - INFO - Optimize for 100 iters with {'c1': 0.5, 'c2': 0.3, 'w': 0.9}
2021-07-22 11:55:37,987 - pyswarms.single.global_best - INFO - Optimization finished | best cost: -0.9335561097298963, best pos: [1.33040578 0.13904483 1.54537461 0.75049173]
2021-07-22 11:55:37,994 - pyswarms.single.global_best - INFO - Optimize for 100 iters with {'c1': 0.5, 'c2': 0.3, 'w': 0.9}
2021-07-22 11:57:12,861 - pyswarms.single.global_best - INFO - Optimize for 100 iters with {'c1': 0.5, 'c2': 0.3, 'w': 0.9}
2021-07-22 11:57:18,285 - pyswarms.single.global_best - INFO - Optimization finished | best cost: -0.9335561097298963, best pos: [1.57019734 0.1641516  1.19383618 1.88349326]
2021-07-22 11:57:18,290 - pyswarms.single.global_best - INFO - Optimize for 100 iters with {'c1': 0.5, 'c2': 0.3, 'w': 0.9}
2021-07-22 11:57:22,958 - pyswarms.single.global_best - INFO - Optimization finished | best cost: -0.9335561097298963, best pos: [2.18865415 0.22800846 0.96720736 0.82679979]
2021-07-22 11:57:22,967 - pyswarms.single.global_best - INFO - Optimize for 100 iters with {'c1': 0.5, 'c2': 0.3, 'w': 0.9}
2021-07-22 11:57:27,949 - pyswarms.single.global_best - INFO - Optimization finished | best cost: -0.9335561097298963, best pos: [0.84667467 0.08836945 0.47759382 0.90313408]
2021-07-22 11:57:27,953 - pyswarms.single.global_best - INFO - Optimize for 100 iters with {'c1': 0.5, 'c2': 0.3, 'w': 0.9}
2021-07-22 11:57:33,447 - pyswarms.single.global_best - INFO - Optimization finished | best cost: -0.9335561097298963, best pos: [2.12876204 0.2215991  1.28695189 0.27935667]
2021-07-22 11:57:33,454 - pyswarms.single.global_best - INFO - Optimize for 100 iters with {'c1': 0.5, 'c2': 0.3, 'w': 0.9}
2021-07-22 11:57:38,748 - pyswarms.single.global_best - INFO - Optimization finished | best cost: -0.9335561097298963, best pos: [2.0647913  0.21560838 0.72197648 1.18729268]
2021-07-22 11:57:38,753 - pyswarms.single.global_best - INFO - Optimize for 100 iters with {'c1': 0.5, 'c2': 0.3, 'w': 0.9}
2021-07-22 11:57:44,058 - pyswarms.single.global_best - INFO - Optimization finished | best cost: -0.9335561097298963, best pos: [ 2.37544442  0.24759844 -0.17406742  1.37823702]
2021-07-22 11:57:44,064 - pyswarms.single.global_best - INFO - Optimize for 100 iters with {'c1': 0.5, 'c2': 0.3, 'w': 0.9}
2021-07-22 11:57:50,361 - pyswarms.single.global_best - INFO - Optimization finished | best cost: -0.9335561097298963, best pos: [1.67100348 0.17427053 1.00749207 0.34660709]
2021-07-22 11:57:50,368 - pyswarms.single.global_best - INFO - Optimize for 100 iters with {'c1': 0.5, 'c2': 0.3, 'w': 0.9}
2021-07-22 11:57:55,427 - pyswarms.single.global_best - INFO - Optimization finished | best cost: -0.9335561097298963, best pos: [2.57030345 0.26842633 0.34505471 1.27586472]
2021-07-22 11:57:55,435 - pyswarms.single.global_best - INFO - Optimize for 100 iters with {'c1': 0.5, 'c2': 0.3, 'w': 0.9}
2021-07-22 11:58:00,918 - pyswarms.single.global_best - INFO - Optimization finished | best cost: -0.9334535656944974, best pos: [3.12577309 0.67365247 2.79865159 1.19426077]
2021-07-22 11:58:00,923 - pyswarms.single.global_best - INFO - Optimize for 100 iters with {'c1': 0.5, 'c2': 0.3, 'w': 0.9}
2021-07-22 11:58:06,173 - pyswarms.single.global_best - INFO - Optimization finished | best cost: -0.9335561097298963, best pos: [1.83889646 0.19203554 2.13017497 3.32158702]
2021-07-22 11:58:06,192 - pyswarms.single.global_best - INFO - Optimize for 100 iters with {'c1': 0.5, 'c2': 0.3, 'w': 0.9}
2021-07-22 11:58:18,400 - pyswarms.single.global_best - INFO - Optimization finished | best cost: -0.9464428957216016, best pos: [0.1121933  0.56482315 1.41959693 0.03699388]
2021-07-22 11:58:18,404 - pyswarms.single.global_best - INFO - Optimize for 100 iters with {'c1': 0.5, 'c2': 0.3, 'w': 0.9}
