2021-07-23 16:49:59,984 - pyswarms.single.global_best - INFO - Optimize for 100 iters with {'c1': 0.5, 'c2': 0.3, 'w': 0.9}
2021-07-23 16:53:21,265 - pyswarms.single.global_best - INFO - Optimization finished | best cost: 0.8600000000000001, best pos: [ 1.95656378  0.20446536  0.16537347 -0.9511793   0.1435584   0.3018024
 -1.42588529  0.06187523  0.35611078 -0.91774778  0.48332475 -0.18627967
 -1.17390597  0.1003799   0.55766785 -0.2307647  -0.87852     0.79435681
  1.32097224 -0.15079803  0.8303177   0.27033037  0.0267909   0.23538057]
2021-07-23 16:56:21,506 - pyswarms.single.global_best - INFO - Optimize for 100 iters with {'c1': 0.5, 'c2': 0.3, 'w': 0.9}
2021-07-23 16:57:25,715 - pyswarms.single.global_best - INFO - Optimize for 100 iters with {'c1': 0.5, 'c2': 0.3, 'w': 0.9}
2021-07-23 17:00:25,718 - pyswarms.single.global_best - INFO - Optimize for 100 iters with {'c1': 0.5, 'c2': 0.3, 'w': 0.9}
2021-07-23 17:04:05,579 - pyswarms.single.global_best - INFO - Optimization finished | best cost: 0.7675000000000001, best pos: [ 1.67297887  1.55412696  0.64240762 -1.0054016   1.89941635  0.35936682
  0.51807919 -0.61921707  1.17717088 -1.71971508 -1.08320639  0.26447667
  0.28942644 -1.38229257 -0.62232564 -0.05551759 -2.41618791  1.95034255
  1.10313588  1.33946139  1.11991995  1.3418945   0.57612173 -0.81120833]
2021-07-23 17:36:39,449 - pyswarms.single.global_best - INFO - Optimize for 100 iters with {'c1': 0.5, 'c2': 0.3, 'w': 0.9}
2021-07-23 17:37:15,441 - pyswarms.single.global_best - INFO - Optimize for 100 iters with {'c1': 0.5, 'c2': 0.3, 'w': 0.9}
2021-07-23 17:41:08,864 - pyswarms.single.global_best - INFO - Optimization finished | best cost: 0.895, best pos: [ 0.99366836  3.18664661 -0.5866224   1.29470141  1.65760185  0.88052418
  0.43046756 -2.26657147  1.02763098 -0.25084026  0.01538073  0.17503999
  0.63329763 -1.79446844  0.7618469   0.15433767 -0.81589419  0.78935095
  1.23572329  1.09741104 -0.25313018  2.11543499  0.53024385  0.49392067]
2021-07-23 17:46:06,404 - pyswarms.single.global_best - INFO - Optimize for 100 iters with {'c1': 0.5, 'c2': 0.3, 'w': 0.9}
2021-07-23 17:46:50,234 - pyswarms.single.global_best - INFO - Optimize for 100 iters with {'c1': 0.5, 'c2': 0.3, 'w': 0.9}
2021-07-23 17:50:41,968 - pyswarms.single.global_best - INFO - Optimize for 100 iters with {'c1': 0.5, 'c2': 0.3, 'w': 0.9}
2021-07-23 18:12:09,343 - pyswarms.single.global_best - INFO - Optimize for 100 iters with {'c1': 0.5, 'c2': 0.3, 'w': 0.9}
2021-07-23 18:13:07,718 - pyswarms.single.global_best - INFO - Optimize for 100 iters with {'c1': 0.5, 'c2': 0.3, 'w': 0.9}
2021-07-23 18:13:17,450 - pyswarms.single.global_best - INFO - Optimize for 100 iters with {'c1': 0.5, 'c2': 0.3, 'w': 0.9}
2021-07-23 18:14:27,061 - pyswarms.single.global_best - INFO - Optimize for 100 iters with {'c1': 0.5, 'c2': 0.3, 'w': 0.9}
2021-07-23 18:15:04,223 - pyswarms.single.global_best - INFO - Optimize for 100 iters with {'c1': 0.5, 'c2': 0.3, 'w': 0.9}
2021-07-23 18:20:18,327 - pyswarms.single.global_best - INFO - Optimize for 100 iters with {'c1': 0.5, 'c2': 0.3, 'w': 0.9}
2021-07-23 18:20:55,787 - pyswarms.single.global_best - INFO - Optimize for 100 iters with {'c1': 0.5, 'c2': 0.3, 'w': 0.9}
2021-07-23 18:21:12,600 - pyswarms.single.global_best - INFO - Optimize for 1000 iters with {'c1': 0.5, 'c2': 0.3, 'w': 0.9}
2021-07-23 18:24:14,760 - pyswarms.single.global_best - INFO - Optimize for 1000 iters with {'c1': 0.5, 'c2': 0.3, 'w': 0.9}
2021-07-23 18:25:10,641 - pyswarms.single.global_best - INFO - Optimize for 100 iters with {'c1': 0.5, 'c2': 0.3, 'w': 0.9}
2021-07-23 18:37:04,498 - pyswarms.single.global_best - INFO - Optimization finished | best cost: 0.861, best pos: [ 0.17204103 -1.10604977  0.46567771  0.18295914  2.22992116  0.93119817
  0.58494151  0.25911076 -0.86746436  0.31913953 -1.05851866  0.79320743
 -0.20571232 -0.31784203 -0.64436386 -0.10995656 -0.13271775 -0.58251076
  0.05062106  0.69399101  0.22275449  0.57220367  0.46304968  0.15587856
 -0.21187433]
2021-07-23 18:45:11,170 - pyswarms.single.global_best - INFO - Optimize for 100 iters with {'c1': 0.5, 'c2': 0.3, 'w': 0.9}
2021-07-23 18:45:25,816 - pyswarms.single.global_best - INFO - Optimize for 100 iters with {'c1': 0.5, 'c2': 0.3, 'w': 0.9}
2021-07-23 18:56:46,464 - pyswarms.single.global_best - INFO - Optimization finished | best cost: 1.0450000000000002, best pos: [-0.16797344  2.32958843  0.69264567  2.41940155  1.31666908  3.88257591
  2.17941216  3.81199131 -1.17056425  6.52815413  1.7515012   3.06184911
  1.28001944 -1.45680783 -0.09144078 -0.22578073  5.09484674  0.47311502
 -0.22434408  1.24227934  2.72584301  0.43402244 -0.12163488  2.1590773
  3.77342283  0.55552565  2.78434264]
2021-07-23 19:08:12,594 - pyswarms.single.global_best - INFO - Optimize for 100 iters with {'c1': 0.5, 'c2': 0.3, 'w': 0.9}
2021-07-23 19:20:14,699 - pyswarms.single.global_best - INFO - Optimization finished | best cost: 0.978, best pos: [ 0.51081772 -0.1949631  -0.72211957  0.53222943  1.07463314  1.19613466
  0.48256633  0.53450975  0.12004768  1.29994024 -0.02021117  0.06974288
 -0.58133095 -0.22831008  0.43425921 -0.04657868  0.32581445  1.63571298
 -0.93743473  0.09941223  0.28242551  0.36733418 -0.14236606 -0.23683602
  0.04540262  0.37824324  0.0122877 ]
2021-07-23 19:25:55,758 - pyswarms.single.global_best - INFO - Optimize for 100 iters with {'c1': 0.5, 'c2': 0.3, 'w': 0.9}
2021-07-23 19:26:25,837 - pyswarms.single.global_best - INFO - Optimize for 100 iters with {'c1': 0.5, 'c2': 0.3, 'w': 0.9}
